2020-12-23 08:23:27 2020-12-23 08:23:27

2020-12-23 08:23:27 郭立扬  19104671

2020-12-23 08:23:27 苏骏  202542020058

2020-12-23 08:23:27 潘鹏程  19208581

2020-12-23 08:23:27 张灿  19104916

2020-12-23 08:23:27 黎智超  201830055117

2020-12-23 08:23:27 王干  19107611

2020-12-23 08:23:27 陈峰  19104950

2020-12-23 08:23:27 白义枭  19104966

2020-12-23 08:23:27 张志成  19101242

2020-12-23 08:23:27 陈月皓  19104977

2020-12-23 08:23:27 付焱青  19106543

2020-12-23 08:23:27 周杨琪  19104965

2020-12-23 08:23:27 陈伟  19104958

2020-12-23 08:23:27 杨新  201817025138

2020-12-23 08:23:27 周玲  19106360

2020-12-23 08:23:27 蒲延慧  19106564

2020-12-23 08:23:27 巫雨  19104824

2020-12-23 08:23:27 遇溪涓  19105101

2020-12-23 08:23:27 李明宸  201813015120

2020-12-23 08:23:27 李宗杰  19208932

2020-12-23 08:23:27 打早卡成功

2020-12-23 08:23:27 打早卡成功

2020-12-23 08:23:27 今日早卡已打卡

2020-12-23 08:23:27 苟江山  19104978

2020-12-23 08:23:27 今日午卡已打卡

2020-12-23 08:23:27 今日晚卡已打卡

2020-12-23 08:23:27 打早卡成功

2020-12-23 08:23:27 打早卡成功

2020-12-23 08:23:27 打早卡成功

2020-12-23 08:23:27 打早卡成功

2020-12-23 08:23:27 打早卡成功

2020-12-23 08:23:27 打早卡成功

2020-12-23 08:23:27 打早卡成功

2020-12-23 08:23:27 打早卡成功

2020-12-23 08:23:27 打早卡成功

2020-12-23 08:23:27 打早卡成功

2020-12-23 08:23:27 打早卡成功

2020-12-23 08:23:27 打早卡成功

2020-12-23 08:23:27 打早卡成功

2020-12-23 08:23:27 打早卡成功

2020-12-23 08:23:27 打午卡成功

2020-12-23 08:23:27 打早卡成功

2020-12-23 08:23:27 打午卡成功

2020-12-23 08:23:27 打早卡成功

2020-12-23 08:23:27 打早卡成功

2020-12-23 08:23:27 打早卡成功

2020-12-23 08:23:27 打午卡成功

2020-12-23 08:23:27 打午卡成功

2020-12-23 08:23:27 打午卡成功

2020-12-23 08:23:27 打午卡成功

2020-12-23 08:23:27 打午卡成功

2020-12-23 08:23:27 打午卡成功

2020-12-23 08:23:27 打午卡成功

2020-12-23 08:23:27 打午卡成功

2020-12-23 08:23:27 打午卡成功

2020-12-23 08:23:27 打午卡成功

2020-12-23 08:23:27 打午卡成功

2020-12-23 08:23:27 打午卡成功

2020-12-23 08:23:27 打午卡成功

2020-12-23 08:23:27 打午卡成功

2020-12-23 08:23:27 打晚卡成功

2020-12-23 08:23:27 打午卡成功

2020-12-23 08:23:27 打晚卡成功

2020-12-23 08:23:27 打午卡成功

2020-12-23 08:23:27 打午卡成功

2020-12-23 08:23:27 打午卡成功

2020-12-23 08:23:27 打晚卡成功

2020-12-23 08:23:27 打晚卡成功

2020-12-23 08:23:27 打晚卡成功

2020-12-23 08:23:27 打晚卡成功

2020-12-23 08:23:27 打晚卡成功

2020-12-23 08:23:27 打晚卡成功

2020-12-23 08:23:27 打晚卡成功

2020-12-23 08:23:27 打晚卡成功

2020-12-23 08:23:27 打晚卡成功

2020-12-23 08:23:27 打晚卡成功

2020-12-23 08:23:27 打晚卡成功

2020-12-23 08:23:27 打晚卡成功

2020-12-23 08:23:27 打晚卡成功

2020-12-23 08:23:27 打晚卡成功

2020-12-23 08:23:27 打晚卡成功

2020-12-23 08:23:27 打晚卡成功

2020-12-23 08:23:27 打晚卡成功

2020-12-23 08:23:27 打晚卡成功

2020-12-23 10:58:19 2020-12-23 10:58:19

2020-12-23 10:58:20 潘鹏程  19208581

2020-12-23 10:58:20 陈伟  19104958

2020-12-23 10:58:20 陈峰  19104950

2020-12-23 10:58:20 陈月皓  19104977

2020-12-23 10:58:20 苟江山  19104978

2020-12-23 10:58:20 今日早卡已打卡

2020-12-23 10:58:20 周玲  19106360

2020-12-23 10:58:20 今日早卡已打卡

2020-12-23 10:58:20 今日早卡已打卡

2020-12-23 10:58:20 今日早卡已打卡

2020-12-23 10:58:20 今日午卡已打卡

2020-12-23 10:58:20 今日早卡已打卡

2020-12-23 10:58:20 今日早卡已打卡

2020-12-23 10:58:20 今日午卡已打卡

2020-12-23 10:58:20 今日午卡已打卡

2020-12-23 10:58:20 今日午卡已打卡

2020-12-23 10:58:20 今日午卡已打卡

2020-12-23 10:58:20 今日午卡已打卡

2020-12-23 10:58:20 今日晚卡已打卡

2020-12-23 10:58:20 今日晚卡已打卡

2020-12-23 10:58:20 今日晚卡已打卡

2020-12-23 10:58:20 今日晚卡已打卡

2020-12-23 10:58:20 王干  19107611

2020-12-23 10:58:20 巫雨  19104824

2020-12-23 10:58:20 杨新  201817025138

2020-12-23 10:58:20 今日早卡已打卡

2020-12-23 10:58:20 今日早卡已打卡

2020-12-23 10:58:20 今日午卡已打卡

2020-12-23 10:58:20 今日早卡已打卡

2020-12-23 10:58:20 今日午卡已打卡

2020-12-23 10:58:20 今日晚卡已打卡

2020-12-23 10:58:20 今日午卡已打卡

2020-12-23 10:58:20 白义枭  19104966

2020-12-23 10:58:20 苏骏  202542020058

2020-12-23 10:58:20 今日晚卡已打卡

2020-12-23 10:58:20 张灿  19104916

2020-12-23 10:58:20 今日早卡已打卡

2020-12-23 10:58:20 今日早卡已打卡

2020-12-23 10:58:20 今日晚卡已打卡

2020-12-23 10:58:20 今日早卡已打卡

2020-12-23 10:58:20 今日午卡已打卡

2020-12-23 10:58:20 今日午卡已打卡

2020-12-23 10:58:20 今日午卡已打卡

2020-12-23 10:58:20 今日晚卡已打卡

2020-12-23 10:58:20 今日晚卡已打卡

2020-12-23 10:58:20 今日晚卡已打卡

2020-12-23 10:58:20 今日晚卡已打卡

2020-12-23 10:58:20 今日晚卡已打卡

2020-12-23 10:58:23 郭立扬  19104671

2020-12-23 10:58:23 李明宸  201813015120

2020-12-23 10:58:23 李宗杰  19208932

2020-12-23 10:58:23 蒲延慧  19106564

2020-12-23 10:58:23 付焱青  19106543

2020-12-23 10:58:23 今日早卡已打卡

2020-12-23 10:58:23 黎智超  201830055117

2020-12-23 10:58:23 今日早卡已打卡

2020-12-23 10:58:23 遇溪涓  19105101

2020-12-23 10:58:23 张志成  19101242

2020-12-23 10:58:23 周杨琪  19104965

2020-12-23 10:58:23 今日早卡已打卡

2020-12-23 10:58:23 今日早卡已打卡

2020-12-23 10:58:23 今日早卡已打卡

2020-12-23 10:58:23 今日早卡已打卡

2020-12-23 10:58:23 今日午卡已打卡

2020-12-23 10:58:23 今日早卡已打卡

2020-12-23 10:58:23 今日早卡已打卡

2020-12-23 10:58:23 今日午卡已打卡

2020-12-23 10:58:23 今日午卡已打卡

2020-12-23 10:58:23 今日早卡已打卡

2020-12-23 10:58:23 今日午卡已打卡

2020-12-23 10:58:23 今日晚卡已打卡

2020-12-23 10:58:23 今日午卡已打卡

2020-12-23 10:58:23 今日晚卡已打卡

2020-12-23 10:58:23 今日晚卡已打卡

2020-12-23 10:58:23 今日午卡已打卡

2020-12-23 10:58:23 今日晚卡已打卡

2020-12-23 10:58:23 今日午卡已打卡

2020-12-23 10:58:23 今日午卡已打卡

2020-12-23 10:58:23 今日午卡已打卡

2020-12-23 10:58:23 今日晚卡已打卡

2020-12-23 10:58:23 今日晚卡已打卡

2020-12-23 10:58:23 今日晚卡已打卡

2020-12-23 10:58:23 今日晚卡已打卡

2020-12-23 10:58:23 今日晚卡已打卡

2020-12-23 17:24:09 2020-12-23 17:24:09

