2020-12-29 00:12:44 2020-12-29 00:12:44

2020-12-29 00:12:44 郭立扬  19104671

2020-12-29 00:12:44 打早卡成功

2020-12-29 00:12:45 李明宸  201813015120

2020-12-29 00:12:45 杨新  201817025138

2020-12-29 00:12:45 付焱青  19106543

2020-12-29 00:12:45 打早卡成功

2020-12-29 00:12:45 打早卡成功

2020-12-29 00:12:45 蒲延慧  19106564

2020-12-29 00:12:45 陈伟  19104958

2020-12-29 00:12:45 打午卡成功

2020-12-29 00:12:45 周杨琪  19104965

2020-12-29 00:12:45 打午卡成功

2020-12-29 00:12:45 打早卡成功

2020-12-29 00:12:45 打午卡成功

2020-12-29 00:12:45 打早卡成功

2020-12-29 00:12:45 潘鹏程  19208581

2020-12-29 00:12:45 张灿  19104916

2020-12-29 00:12:45 苟江山  19104978

2020-12-29 00:12:45 陈峰  19104950

2020-12-29 00:12:45 打早卡成功

2020-12-29 00:12:45 打早卡成功

2020-12-29 00:12:45 打午卡成功

2020-12-29 00:12:45 打晚卡成功

2020-12-29 00:12:45 打晚卡成功

2020-12-29 00:12:45 张志成  19101242

2020-12-29 00:12:45 王干  19107611

2020-12-29 00:12:45 黎智超  201830055117

2020-12-29 00:12:45 打晚卡成功

2020-12-29 00:12:45 打早卡成功

2020-12-29 00:12:45 打早卡成功

2020-12-29 00:12:45 打早卡成功

2020-12-29 00:12:45 打早卡成功

2020-12-29 00:12:45 打午卡成功

2020-12-29 00:12:45 巫雨  19104824

2020-12-29 00:12:45 苏骏  202542020058

2020-12-29 00:12:45 陈月皓  19104977

2020-12-29 00:12:45 李宗杰  19208932

2020-12-29 00:12:45 打午卡成功

2020-12-29 00:12:45 遇溪涓  19105101

2020-12-29 00:12:45 打早卡成功

2020-12-29 00:12:45 打午卡成功

2020-12-29 00:12:46 打午卡成功

2020-12-29 00:12:46 打晚卡成功

2020-12-29 00:12:46 打午卡成功

2020-12-29 00:12:46 打早卡成功

2020-12-29 00:12:46 打早卡成功

2020-12-29 00:12:46 打早卡成功

2020-12-29 00:12:46 打午卡成功

2020-12-29 00:12:46 打午卡成功

2020-12-29 00:12:46 白义枭  19104966

2020-12-29 00:12:46 打晚卡成功

2020-12-29 00:12:46 打晚卡成功

2020-12-29 00:12:46 打早卡成功

2020-12-29 00:12:46 打午卡成功

2020-12-29 00:12:46 打早卡成功

2020-12-29 00:12:46 打晚卡成功

2020-12-29 00:12:46 打午卡成功

2020-12-29 00:12:46 打晚卡成功

2020-12-29 00:12:46 打晚卡成功

2020-12-29 00:12:46 打午卡成功

2020-12-29 00:12:46 打午卡成功

2020-12-29 00:12:46 打晚卡成功

2020-12-29 00:12:46 打早卡成功

2020-12-29 00:12:46 打晚卡成功

2020-12-29 00:12:46 打早卡成功

2020-12-29 00:12:46 打早卡成功

2020-12-29 00:12:46 打晚卡成功

2020-12-29 00:12:46 打晚卡成功

2020-12-29 00:12:46 打晚卡成功

2020-12-29 00:12:46 打晚卡成功

2020-12-29 00:12:46 打午卡成功

2020-12-29 00:12:46 打午卡成功

2020-12-29 00:12:46 打午卡成功

2020-12-29 00:12:46 打午卡成功

2020-12-29 00:12:46 周玲  19106360

2020-12-29 00:12:46 打午卡成功

2020-12-29 00:12:46 打晚卡成功

2020-12-29 00:12:46 打晚卡成功

2020-12-29 00:12:46 打晚卡成功

2020-12-29 00:12:46 打晚卡成功

2020-12-29 00:12:47 打早卡成功

2020-12-29 00:12:47 打晚卡成功

2020-12-29 00:12:47 打午卡成功

2020-12-29 00:12:47 打晚卡成功

