2020-12-28 00:00:45 2020-12-28 00:00:45

2020-12-28 00:00:45 王干  19107611

2020-12-28 00:00:45 李宗杰  19208932

2020-12-28 00:00:45 周玲  19106360

2020-12-28 00:00:45 杨新  201817025138

2020-12-28 00:00:45 李明宸  201813015120

2020-12-28 00:00:45 潘鹏程  19208581

2020-12-28 00:00:45 陈月皓  19104977

2020-12-28 00:00:45 巫雨  19104824

2020-12-28 00:00:45 白义枭  19104966

2020-12-28 00:00:45 周杨琪  19104965

2020-12-28 00:00:45 打早卡成功

2020-12-28 00:00:45 打早卡成功

2020-12-28 00:00:45 打早卡成功

2020-12-28 00:00:45 打早卡成功

2020-12-28 00:00:45 打早卡成功

2020-12-28 00:00:45 苟江山  19104978

2020-12-28 00:00:46 苏骏  202542020058

2020-12-28 00:00:46 陈峰  19104950

2020-12-28 00:00:46 打午卡成功

2020-12-28 00:00:46 打午卡成功

2020-12-28 00:00:46 付焱青  19106543

2020-12-28 00:00:46 张灿  19104916

2020-12-28 00:00:46 打早卡成功

2020-12-28 00:00:46 打早卡成功

2020-12-28 00:00:46 打午卡成功

2020-12-28 00:00:46 张志成  19101242

2020-12-28 00:00:46 蒲延慧  19106564

2020-12-28 00:00:46 打早卡成功

2020-12-28 00:00:46 打早卡成功

2020-12-28 00:00:46 遇溪涓  19105101

2020-12-28 00:00:46 打早卡成功

2020-12-28 00:00:46 打早卡成功

2020-12-28 00:00:46 打午卡成功

2020-12-28 00:00:46 打午卡成功

2020-12-28 00:00:46 打晚卡成功

2020-12-28 00:00:46 打早卡成功

2020-12-28 00:00:46 陈伟  19104958

2020-12-28 00:00:46 打早卡成功

2020-12-28 00:00:46 打午卡成功

2020-12-28 00:00:46 打午卡成功

2020-12-28 00:00:46 打早卡成功

2020-12-28 00:00:46 打午卡成功

2020-12-28 00:00:46 黎智超  201830055117

2020-12-28 00:00:46 郭立扬  19104671

2020-12-28 00:00:46 打午卡成功

2020-12-28 00:00:46 打午卡成功

2020-12-28 00:00:46 打午卡成功

2020-12-28 00:00:46 打早卡成功

2020-12-28 00:00:46 打早卡成功

2020-12-28 00:00:46 打午卡成功

2020-12-28 00:00:46 打午卡成功

2020-12-28 00:00:46 打晚卡成功

2020-12-28 00:00:46 打晚卡成功

2020-12-28 00:00:46 打晚卡成功

2020-12-28 00:00:46 打午卡成功

2020-12-28 00:00:46 打晚卡成功

2020-12-28 00:00:46 打早卡成功

2020-12-28 00:00:46 打晚卡成功

2020-12-28 00:00:46 打早卡成功

2020-12-28 00:00:46 打早卡成功

2020-12-28 00:00:46 打晚卡成功

2020-12-28 00:00:46 打晚卡成功

2020-12-28 00:00:46 打午卡成功

2020-12-28 00:00:46 打晚卡成功

2020-12-28 00:00:46 打晚卡成功

2020-12-28 00:00:46 打晚卡成功

2020-12-28 00:00:46 打晚卡成功

2020-12-28 00:00:46 打午卡成功

2020-12-28 00:00:46 打午卡成功

2020-12-28 00:00:46 打午卡成功

2020-12-28 00:00:46 打晚卡成功

2020-12-28 00:00:46 打晚卡成功

2020-12-28 00:00:46 打晚卡成功

2020-12-28 00:00:46 打晚卡成功

2020-12-28 00:00:46 打晚卡成功

2020-12-28 00:00:46 打午卡成功

2020-12-28 00:00:46 打早卡成功

2020-12-28 00:00:46 打早卡成功

2020-12-28 00:00:47 打晚卡成功

2020-12-28 00:00:47 打晚卡成功

2020-12-28 00:00:47 打午卡成功

2020-12-28 00:00:47 打午卡成功

2020-12-28 00:00:47 打晚卡成功

2020-12-28 00:00:47 打晚卡成功

