2020-12-27 09:29:46 2020-12-27 09:29:46

2020-12-27 09:29:46 杨新  201817025138

2020-12-27 09:29:46 张志成  19101242

2020-12-27 09:29:46 王干  19107611

2020-12-27 09:29:46 周杨琪  19104965

2020-12-27 09:29:46 苟江山  19104978

2020-12-27 09:29:46 李明宸  201813015120

2020-12-27 09:29:46 陈峰  19104950

2020-12-27 09:29:46 潘鹏程  19208581

2020-12-27 09:29:46 陈伟  19104958

2020-12-27 09:29:46 付焱青  19106543

2020-12-27 09:29:46 打早卡成功

2020-12-27 09:29:46 苏骏  202542020058

2020-12-27 09:29:46 打早卡成功

2020-12-27 09:29:46 打早卡成功

2020-12-27 09:29:46 打早卡成功

2020-12-27 09:29:46 打早卡成功

2020-12-27 09:29:46 蒲延慧  19106564

2020-12-27 09:29:46 张灿  19104916

2020-12-27 09:29:46 周玲  19106360

2020-12-27 09:29:46 遇溪涓  19105101

2020-12-27 09:29:46 打早卡成功

2020-12-27 09:29:46 打早卡成功

2020-12-27 09:29:46 打早卡成功

2020-12-27 09:29:46 打早卡成功

2020-12-27 09:29:46 打早卡成功

2020-12-27 09:29:46 打午卡成功

2020-12-27 09:29:46 黎智超  201830055117

2020-12-27 09:29:46 打早卡成功

2020-12-27 09:29:46 打早卡成功

2020-12-27 09:29:46 巫雨  19104824

2020-12-27 09:29:46 白义枭  19104966

2020-12-27 09:29:46 打早卡成功

2020-12-27 09:29:46 打午卡成功

2020-12-27 09:29:46 打午卡成功

2020-12-27 09:29:46 打午卡成功

2020-12-27 09:29:46 打早卡成功

2020-12-27 09:29:46 打早卡成功

2020-12-27 09:29:46 打午卡成功

2020-12-27 09:29:46 打早卡成功

2020-12-27 09:29:46 打午卡成功

2020-12-27 09:29:46 打晚卡成功

2020-12-27 09:29:46 打午卡成功

2020-12-27 09:29:46 打早卡成功

2020-12-27 09:29:46 打午卡成功

2020-12-27 09:29:46 打午卡成功

2020-12-27 09:29:46 打午卡成功

2020-12-27 09:29:46 打午卡成功

2020-12-27 09:29:46 打午卡成功

2020-12-27 09:29:46 打午卡成功

2020-12-27 09:29:46 打早卡成功

2020-12-27 09:29:46 打晚卡成功

2020-12-27 09:29:46 打晚卡成功

2020-12-27 09:29:46 打午卡成功

2020-12-27 09:29:46 打晚卡成功

2020-12-27 09:29:46 打晚卡成功

2020-12-27 09:29:46 打晚卡成功

2020-12-27 09:29:46 打晚卡成功

2020-12-27 09:29:46 打午卡成功

2020-12-27 09:29:46 打午卡成功

2020-12-27 09:29:46 打晚卡成功

2020-12-27 09:29:46 打晚卡成功

2020-12-27 09:29:46 打晚卡成功

2020-12-27 09:29:46 打晚卡成功

2020-12-27 09:29:46 打晚卡成功

2020-12-27 09:29:46 郭立扬  19104671

2020-12-27 09:29:46 打午卡成功

2020-12-27 09:29:46 李宗杰  19208932

2020-12-27 09:29:46 打晚卡成功

2020-12-27 09:29:46 陈月皓  19104977

2020-12-27 09:29:46 打早卡成功

2020-12-27 09:29:46 打早卡成功

2020-12-27 09:29:46 打晚卡成功

2020-12-27 09:29:46 打午卡成功

2020-12-27 09:29:46 打晚卡成功

2020-12-27 09:29:46 打晚卡成功

2020-12-27 09:29:46 打晚卡成功

2020-12-27 09:29:46 打早卡成功

2020-12-27 09:29:46 打午卡成功

2020-12-27 09:29:46 打晚卡成功

2020-12-27 09:29:46 打晚卡成功

2020-12-27 09:29:46 打午卡成功

2020-12-27 09:29:46 打午卡成功

2020-12-27 09:29:46 打晚卡成功

2020-12-27 09:29:46 打晚卡成功

