2020-12-22 16:13:06 潘鹏程  19208581

2020-12-22 16:13:06 今日早卡已打卡

2020-12-22 16:13:06 今日午卡已打卡

2020-12-22 16:13:06 今日晚卡已打卡

2020-12-22 16:13:06 杨新  201817025138

2020-12-22 16:13:06 今日早卡已打卡

2020-12-22 16:13:06 今日午卡已打卡

2020-12-22 16:13:06 今日晚卡已打卡

2020-12-22 16:13:06 巫雨  19104824

2020-12-22 16:13:06 今日早卡已打卡

2020-12-22 16:13:06 今日午卡已打卡

2020-12-22 16:13:06 今日晚卡已打卡

2020-12-22 16:13:06 白义枭  19104966

2020-12-22 16:13:06 今日早卡已打卡

2020-12-22 16:13:06 今日午卡已打卡

2020-12-22 16:13:06 今日晚卡已打卡

2020-12-22 16:13:06 陈峰  19104950

2020-12-22 16:13:06 今日早卡已打卡

2020-12-22 16:13:06 今日午卡已打卡

2020-12-22 16:13:07 今日晚卡已打卡

2020-12-22 16:13:07 陈月皓  19104977

2020-12-22 16:13:07 今日早卡已打卡

2020-12-22 16:13:07 今日午卡已打卡

2020-12-22 16:13:07 今日晚卡已打卡

2020-12-22 16:13:07 陈伟  19104958

2020-12-22 16:13:07 今日早卡已打卡

2020-12-22 16:13:07 今日午卡已打卡

2020-12-22 16:13:07 今日晚卡已打卡

2020-12-22 16:13:07 周杨琪  19104965

2020-12-22 16:13:07 今日早卡已打卡

2020-12-22 16:13:07 今日午卡已打卡

2020-12-22 16:13:07 今日晚卡已打卡

2020-12-22 16:13:07 黎智超  201830055117

2020-12-22 16:13:07 今日早卡已打卡

2020-12-22 16:13:07 今日午卡已打卡

2020-12-22 16:13:07 今日晚卡已打卡

2020-12-22 16:13:07 付焱青  19106543

2020-12-22 16:13:07 今日早卡已打卡

2020-12-22 16:13:07 今日午卡已打卡

2020-12-22 16:13:07 今日晚卡已打卡

2020-12-22 16:13:07 郭立扬  19104671

2020-12-22 16:13:07 今日早卡已打卡

2020-12-22 16:13:07 今日午卡已打卡

2020-12-22 16:13:07 今日晚卡已打卡

2020-12-22 16:13:07 李宗杰  19208932

2020-12-22 16:13:07 今日早卡已打卡

2020-12-22 16:13:07 今日午卡已打卡

2020-12-22 16:13:07 今日晚卡已打卡

2020-12-22 16:13:07 李明宸  201813015120

2020-12-22 16:13:07 今日早卡已打卡

2020-12-22 16:13:07 今日午卡已打卡

2020-12-22 16:13:07 今日晚卡已打卡

2020-12-22 16:13:07 苟江山  19104978

2020-12-22 16:13:07 今日早卡已打卡

2020-12-22 16:13:07 今日午卡已打卡

2020-12-22 16:13:07 今日晚卡已打卡

2020-12-22 16:13:07 遇溪涓  19105101

2020-12-22 16:13:07 今日早卡已打卡

2020-12-22 16:13:07 今日午卡已打卡

2020-12-22 16:13:07 今日晚卡已打卡

2020-12-22 16:13:07 王干  19107611

2020-12-22 16:13:07 今日早卡已打卡

2020-12-22 16:13:07 今日午卡已打卡

2020-12-22 16:13:07 今日晚卡已打卡

2020-12-22 16:13:07 张灿  19104916

2020-12-22 16:13:07 今日早卡已打卡

2020-12-22 16:13:07 今日午卡已打卡

2020-12-22 16:13:07 今日晚卡已打卡

2020-12-22 16:13:07 周玲  19106360

2020-12-22 16:13:07 今日早卡已打卡

2020-12-22 16:13:07 今日午卡已打卡

2020-12-22 16:13:07 今日晚卡已打卡

2020-12-22 16:13:07 张志成  19101242

2020-12-22 16:13:07 今日早卡已打卡

2020-12-22 16:13:07 今日午卡已打卡

2020-12-22 16:13:07 今日晚卡已打卡

2020-12-22 16:13:07 蒲延慧  19106564

2020-12-22 16:13:07 今日早卡已打卡

2020-12-22 16:13:08 今日午卡已打卡

2020-12-22 16:13:08 今日晚卡已打卡

2020-12-22 16:13:08 苏骏  202542020058

2020-12-22 16:13:08 今日早卡已打卡

2020-12-22 16:13:08 今日午卡已打卡

2020-12-22 16:13:08 今日晚卡已打卡

2020-12-22 16:13:08 2020-12-22 16:13:08

2020-12-22 16:13:32 2020-12-22 16:13:32

2020-12-22 16:13:32 周玲  19106360

2020-12-22 16:13:32 蒲延慧  19106564

2020-12-22 16:13:32 张志成  19101242

2020-12-22 16:13:32 王干  19107611

2020-12-22 16:13:32 巫雨  19104824

2020-12-22 16:13:32 郭立扬  19104671

2020-12-22 16:13:32 今日早卡已打卡

2020-12-22 16:13:32 今日早卡已打卡

2020-12-22 16:13:32 今日早卡已打卡

2020-12-22 16:13:32 今日早卡已打卡

2020-12-22 16:13:32 今日早卡已打卡

2020-12-22 16:13:32 张灿  19104916

2020-12-22 16:13:32 今日午卡已打卡

2020-12-22 16:13:32 李明宸  201813015120

2020-12-22 16:13:32 苟江山  19104978

2020-12-22 16:13:32 今日午卡已打卡

2020-12-22 16:13:32 今日午卡已打卡

2020-12-22 16:13:32 今日午卡已打卡

2020-12-22 16:13:32 周杨琪  19104965

2020-12-22 16:13:32 今日晚卡已打卡

2020-12-22 16:13:32 李宗杰  19208932

2020-12-22 16:13:32 今日早卡已打卡

2020-12-22 16:13:32 今日早卡已打卡

2020-12-22 16:13:32 付焱青  19106543

2020-12-22 16:13:32 今日晚卡已打卡

2020-12-22 16:13:32 今日早卡已打卡

2020-12-22 16:13:32 今日晚卡已打卡

2020-12-22 16:13:32 白义枭  19104966

2020-12-22 16:13:32 今日晚卡已打卡

2020-12-22 16:13:32 今日早卡已打卡

2020-12-22 16:13:32 黎智超  201830055117

2020-12-22 16:13:32 陈峰  19104950

2020-12-22 16:13:32 今日午卡已打卡

2020-12-22 16:13:32 今日早卡已打卡

2020-12-22 16:13:32 今日午卡已打卡

2020-12-22 16:13:32 杨新  201817025138

2020-12-22 16:13:32 今日早卡已打卡

2020-12-22 16:13:32 今日早卡已打卡

2020-12-22 16:13:32 今日早卡已打卡

2020-12-22 16:13:32 今日晚卡已打卡

2020-12-22 16:13:32 今日午卡已打卡

2020-12-22 16:13:32 今日午卡已打卡

2020-12-22 16:13:32 今日午卡已打卡

2020-12-22 16:13:32 今日早卡已打卡

2020-12-22 16:13:32 今日午卡已打卡

2020-12-22 16:13:32 今日午卡已打卡

2020-12-22 16:13:32 今日午卡已打卡

2020-12-22 16:13:32 今日晚卡已打卡

2020-12-22 16:13:32 今日晚卡已打卡

2020-12-22 16:13:32 今日晚卡已打卡

2020-12-22 16:13:32 今日晚卡已打卡

2020-12-22 16:13:32 今日晚卡已打卡

2020-12-22 16:13:32 今日早卡已打卡

2020-12-22 16:13:32 今日午卡已打卡

2020-12-22 16:13:32 今日晚卡已打卡

2020-12-22 16:13:32 今日晚卡已打卡

2020-12-22 16:13:32 今日午卡已打卡

2020-12-22 16:13:32 今日晚卡已打卡

2020-12-22 16:13:32 今日晚卡已打卡

2020-12-22 16:13:32 今日早卡已打卡

2020-12-22 16:13:32 今日午卡已打卡

2020-12-22 16:13:32 今日晚卡已打卡

2020-12-22 16:13:32 陈月皓  19104977

2020-12-22 16:13:32 今日午卡已打卡

2020-12-22 16:13:32 今日早卡已打卡

2020-12-22 16:13:32 潘鹏程  19208581

2020-12-22 16:13:32 今日晚卡已打卡

2020-12-22 16:13:32 今日午卡已打卡

2020-12-22 16:13:32 遇溪涓  19105101

2020-12-22 16:13:32 今日早卡已打卡

2020-12-22 16:13:32 今日晚卡已打卡

2020-12-22 16:13:32 今日早卡已打卡

2020-12-22 16:13:32 今日午卡已打卡

2020-12-22 16:13:32 今日午卡已打卡

2020-12-22 16:13:32 今日晚卡已打卡

2020-12-22 16:13:32 陈伟  19104958

2020-12-22 16:13:32 今日晚卡已打卡

2020-12-22 16:13:32 今日早卡已打卡

2020-12-22 16:13:32 苏骏  202542020058

2020-12-22 16:13:32 今日午卡已打卡

2020-12-22 16:13:32 今日晚卡已打卡

2020-12-22 16:13:32 今日早卡已打卡

2020-12-22 16:13:32 今日午卡已打卡

2020-12-22 16:13:32 今日晚卡已打卡

