2020-12-31 00:13:43 2020-12-31 00:13:43

2020-12-31 00:13:43 周杨琪  19104965

2020-12-31 00:13:43 遇溪涓  19105101

2020-12-31 00:13:43 苏骏  202542020058

2020-12-31 00:13:43 巫雨  19104824

2020-12-31 00:13:43 白义枭  19104966

2020-12-31 00:13:43 李明宸  201813015120

2020-12-31 00:13:43 郭立扬  19104671

2020-12-31 00:13:43 张志成  19101242

2020-12-31 00:13:43 苟江山  19104978

2020-12-31 00:13:43 张灿  19104916

2020-12-31 00:13:43 陈月皓  19104977

2020-12-31 00:13:43 陈峰  19104950

2020-12-31 00:13:43 付焱青  19106543

2020-12-31 00:13:43 蒲延慧  19106564

2020-12-31 00:13:43 潘鹏程  19208581

2020-12-31 00:13:43 陈伟  19104958

2020-12-31 00:13:43 杨新  201817025138

2020-12-31 00:13:43 周玲  19106360

2020-12-31 00:13:43 王干  19107611

2020-12-31 00:13:43 李宗杰  19208932

2020-12-31 00:13:43 黎智超  201830055117

2020-12-31 00:13:43 打早卡成功

2020-12-31 00:13:43 打早卡成功

2020-12-31 00:13:43 打早卡成功

2020-12-31 00:13:43 打早卡成功

2020-12-31 00:13:43 打早卡成功

2020-12-31 00:13:43 打早卡成功

2020-12-31 00:13:43 打早卡成功

2020-12-31 00:13:43 打早卡成功

2020-12-31 00:13:43 打早卡成功

2020-12-31 00:13:43 打早卡成功

2020-12-31 00:13:43 打早卡成功

2020-12-31 00:13:43 打早卡成功

2020-12-31 00:13:43 打早卡成功

2020-12-31 00:13:43 打早卡成功

2020-12-31 00:13:43 打早卡成功

2020-12-31 00:13:43 打早卡成功

2020-12-31 00:13:43 打早卡成功

2020-12-31 00:13:43 打早卡成功

2020-12-31 00:13:43 打早卡成功

2020-12-31 00:13:43 打早卡成功

2020-12-31 00:13:43 打早卡成功

2020-12-31 00:13:43 打午卡成功

2020-12-31 00:13:43 打午卡成功

2020-12-31 00:13:43 打午卡成功

2020-12-31 00:13:43 打午卡成功

2020-12-31 00:13:43 打午卡成功

2020-12-31 00:13:43 打午卡成功

2020-12-31 00:13:43 打午卡成功

2020-12-31 00:13:43 打午卡成功

2020-12-31 00:13:43 打午卡成功

2020-12-31 00:13:43 打午卡成功

2020-12-31 00:13:43 打午卡成功

2020-12-31 00:13:43 打午卡成功

2020-12-31 00:13:43 打午卡成功

2020-12-31 00:13:43 打午卡成功

2020-12-31 00:13:43 打午卡成功

2020-12-31 00:13:43 打午卡成功

2020-12-31 00:13:43 打午卡成功

2020-12-31 00:13:43 打晚卡成功

2020-12-31 00:13:43 打午卡成功

2020-12-31 00:13:43 打午卡成功

2020-12-31 00:13:43 打晚卡成功

2020-12-31 00:13:43 打晚卡成功

2020-12-31 00:13:43 打晚卡成功

2020-12-31 00:13:43 打晚卡成功

2020-12-31 00:13:43 打晚卡成功

2020-12-31 00:13:43 打晚卡成功

2020-12-31 00:13:43 打晚卡成功

2020-12-31 00:13:43 打午卡成功

2020-12-31 00:13:43 打晚卡成功

2020-12-31 00:13:43 打晚卡成功

2020-12-31 00:13:43 打晚卡成功

2020-12-31 00:13:43 打晚卡成功

2020-12-31 00:13:43 打晚卡成功

2020-12-31 00:13:43 打晚卡成功

2020-12-31 00:13:43 打午卡成功

2020-12-31 00:13:43 打晚卡成功

2020-12-31 00:13:43 打晚卡成功

2020-12-31 00:13:43 打晚卡成功

2020-12-31 00:13:43 打晚卡成功

2020-12-31 00:13:43 打晚卡成功

2020-12-31 00:13:43 打晚卡成功

2020-12-31 00:13:43 打晚卡成功

