2020-12-25 07:45:07 2020-12-25 07:45:07

2020-12-25 07:45:07 黎智超  201830055117

2020-12-25 07:45:07 陈月皓  19104977

2020-12-25 07:45:07 陈伟  19104958

2020-12-25 07:45:07 周玲  19106360

2020-12-25 07:45:07 王干  19107611

2020-12-25 07:45:07 张志成  19101242

2020-12-25 07:45:07 李宗杰  19208932

2020-12-25 07:45:07 苏骏  202542020058

2020-12-25 07:45:07 巫雨  19104824

2020-12-25 07:45:08 打早卡成功

2020-12-25 07:45:08 打早卡成功

2020-12-25 07:45:08 打早卡成功

2020-12-25 07:45:08 打早卡成功

2020-12-25 07:45:08 蒲延慧  19106564

2020-12-25 07:45:08 潘鹏程  19208581

2020-12-25 07:45:08 周杨琪  19104965

2020-12-25 07:45:08 遇溪涓  19105101

2020-12-25 07:45:08 陈峰  19104950

2020-12-25 07:45:08 郭立扬  19104671

2020-12-25 07:45:08 杨新  201817025138

2020-12-25 07:45:08 张灿  19104916

2020-12-25 07:45:08 李明宸  201813015120

2020-12-25 07:45:08 付焱青  19106543

2020-12-25 07:45:08 苟江山  19104978

2020-12-25 07:45:08 白义枭  19104966

2020-12-25 07:45:08 今日早卡已打卡

2020-12-25 07:45:08 今日早卡已打卡

2020-12-25 07:45:08 今日午卡已打卡

2020-12-25 07:45:08 打午卡成功

2020-12-25 07:45:08 今日晚卡已打卡

2020-12-25 07:45:08 打早卡成功

2020-12-25 07:45:08 打早卡成功

2020-12-25 07:45:08 打早卡成功

2020-12-25 07:45:08 打午卡成功

2020-12-25 07:45:08 打午卡成功

2020-12-25 07:45:08 打早卡成功

2020-12-25 07:45:08 打早卡成功

2020-12-25 07:45:08 打早卡成功

2020-12-25 07:45:08 打午卡成功

2020-12-25 07:45:08 打午卡成功

2020-12-25 07:45:08 打早卡成功

2020-12-25 07:45:08 打早卡成功

2020-12-25 07:45:08 打早卡成功

2020-12-25 07:45:08 打早卡成功

2020-12-25 07:45:08 打早卡成功

2020-12-25 07:45:08 打早卡成功

2020-12-25 07:45:08 打早卡成功

2020-12-25 07:45:08 打早卡成功

2020-12-25 07:45:08 打早卡成功

2020-12-25 07:45:08 打午卡成功

2020-12-25 07:45:08 打晚卡成功

2020-12-25 07:45:08 打晚卡成功

2020-12-25 07:45:08 打晚卡成功

2020-12-25 07:45:08 打午卡成功

2020-12-25 07:45:08 打午卡成功

2020-12-25 07:45:08 打午卡成功

2020-12-25 07:45:08 打午卡成功

2020-12-25 07:45:08 打晚卡成功

2020-12-25 07:45:08 打午卡成功

2020-12-25 07:45:08 打午卡成功

2020-12-25 07:45:08 打午卡成功

2020-12-25 07:45:08 打午卡成功

2020-12-25 07:45:08 打午卡成功

2020-12-25 07:45:08 打晚卡成功

2020-12-25 07:45:08 打午卡成功

2020-12-25 07:45:08 打午卡成功

2020-12-25 07:45:08 打午卡成功

2020-12-25 07:45:08 打晚卡成功

2020-12-25 07:45:08 打午卡成功

2020-12-25 07:45:08 打午卡成功

2020-12-25 07:45:08 打晚卡成功

2020-12-25 07:45:08 打晚卡成功

2020-12-25 07:45:08 打晚卡成功

2020-12-25 07:45:08 打晚卡成功

2020-12-25 07:45:08 打晚卡成功

2020-12-25 07:45:08 打晚卡成功

2020-12-25 07:45:08 打晚卡成功

2020-12-25 07:45:08 打晚卡成功

2020-12-25 07:45:08 打晚卡成功

2020-12-25 07:45:08 打晚卡成功

2020-12-25 07:45:08 打晚卡成功

2020-12-25 07:45:08 打晚卡成功

2020-12-25 07:45:08 打晚卡成功

2020-12-25 07:45:08 打晚卡成功

