2021-01-24 09:07:02 苟江山  19104978

2021-01-24 09:07:10 苟江山  19104978

2021-01-24 12:49:11 苟江山  19104978

2021-01-24 12:49:18 苟江山  19104978

2021-01-24 12:49:45 苟江山  19104978

2021-01-24 12:49:45 打早卡成功

2021-01-24 12:49:46 打午卡成功

2021-01-24 12:49:46 打晚卡成功

2021-01-24 12:49:46 周玲  19106360

2021-01-24 12:49:46 打早卡成功

2021-01-24 12:49:46 打午卡成功

2021-01-24 12:49:46 打晚卡成功

2021-01-24 12:49:46 遇溪涓  19105101

2021-01-24 12:49:46 今日早卡已打卡

2021-01-24 12:49:46 今日午卡已打卡

2021-01-24 12:49:46 今日晚卡已打卡

2021-01-24 12:49:46 陈峰  19104950

2021-01-24 12:49:50 苟江山  19104978

2021-01-24 12:49:50 今日早卡已打卡

2021-01-24 12:49:50 今日午卡已打卡

2021-01-24 12:49:50 今日晚卡已打卡

2021-01-24 12:49:50 周玲  19106360

2021-01-24 12:49:52 今日早卡已打卡

2021-01-24 12:49:52 今日午卡已打卡

2021-01-24 12:49:52 今日晚卡已打卡

2021-01-24 12:49:52 遇溪涓  19105101

2021-01-24 12:49:52 今日早卡已打卡

2021-01-24 12:49:52 今日午卡已打卡

2021-01-24 12:49:52 今日晚卡已打卡

2021-01-24 12:49:52 陈峰  19104950

2021-01-24 12:49:52 今日早卡已打卡

2021-01-24 12:49:56 苟江山  19104978

2021-01-24 12:49:56 今日早卡已打卡

2021-01-24 12:49:56 今日午卡已打卡

2021-01-24 12:49:56 今日晚卡已打卡

2021-01-24 12:49:56 周玲  19106360

2021-01-24 12:49:56 今日早卡已打卡

2021-01-24 12:49:56 今日午卡已打卡

2021-01-24 12:49:56 今日晚卡已打卡

2021-01-24 12:49:56 遇溪涓  19105101

2021-01-24 12:49:56 今日早卡已打卡

2021-01-24 12:49:56 今日午卡已打卡

2021-01-24 12:49:56 今日晚卡已打卡

2021-01-24 12:49:56 陈峰  19104950

2021-01-24 12:49:57 今日早卡已打卡

2021-01-24 12:49:57 今日午卡已打卡

2021-01-24 12:50:00 苟江山  19104978

2021-01-24 12:50:00 今日早卡已打卡

2021-01-24 12:50:00 今日午卡已打卡

2021-01-24 12:50:00 今日晚卡已打卡

2021-01-24 12:50:00 周玲  19106360

2021-01-24 12:50:00 今日早卡已打卡

2021-01-24 12:50:00 今日午卡已打卡

2021-01-24 12:50:00 今日晚卡已打卡

2021-01-24 12:50:00 遇溪涓  19105101

2021-01-24 12:50:00 今日早卡已打卡

2021-01-24 12:50:00 今日午卡已打卡

2021-01-24 12:50:00 今日晚卡已打卡

2021-01-24 12:50:00 陈峰  19104950

2021-01-24 12:50:00 今日早卡已打卡

2021-01-24 12:50:00 今日午卡已打卡

2021-01-24 12:50:00 今日晚卡已打卡

2021-01-24 12:50:00 王干  19107611

2021-01-24 12:50:02 打早卡成功

2021-01-24 12:50:02 打午卡成功

2021-01-24 12:50:02 打晚卡成功

2021-01-24 12:50:02 张灿  19104916

2021-01-24 12:50:06 苟江山  19104978

2021-01-24 12:50:06 今日早卡已打卡

2021-01-24 12:50:06 今日午卡已打卡

2021-01-24 12:50:06 今日晚卡已打卡

2021-01-24 12:50:06 周玲  19106360

2021-01-24 12:50:06 今日早卡已打卡

2021-01-24 12:50:06 今日午卡已打卡

2021-01-24 12:50:06 今日晚卡已打卡

2021-01-24 12:50:06 遇溪涓  19105101

2021-01-24 12:50:06 今日早卡已打卡

2021-01-24 12:50:07 今日午卡已打卡

2021-01-24 12:50:07 今日晚卡已打卡

2021-01-24 12:50:07 陈峰  19104950

2021-01-24 12:50:07 今日早卡已打卡

2021-01-24 12:50:07 今日午卡已打卡

2021-01-24 12:50:07 今日晚卡已打卡

2021-01-24 12:50:07 王干  19107611

2021-01-24 12:50:07 今日早卡已打卡

2021-01-24 12:50:07 今日午卡已打卡

2021-01-24 12:50:07 今日晚卡已打卡

2021-01-24 12:50:07 张灿  19104916

2021-01-24 12:50:07 今日早卡已打卡

2021-01-24 12:50:11 苟江山  19104978

2021-01-24 12:50:11 今日早卡已打卡

2021-01-24 12:50:11 今日午卡已打卡

2021-01-24 12:50:11 今日晚卡已打卡

2021-01-24 12:50:11 周玲  19106360

2021-01-24 12:50:12 今日早卡已打卡

2021-01-24 12:50:12 今日午卡已打卡

2021-01-24 12:50:12 今日晚卡已打卡

2021-01-24 12:50:12 遇溪涓  19105101

2021-01-24 12:50:12 今日早卡已打卡

2021-01-24 12:50:12 今日午卡已打卡

2021-01-24 12:50:12 今日晚卡已打卡

2021-01-24 12:50:12 陈峰  19104950

2021-01-24 12:50:12 今日早卡已打卡

2021-01-24 12:50:12 今日午卡已打卡

2021-01-24 12:50:12 今日晚卡已打卡

2021-01-24 12:50:12 王干  19107611

2021-01-24 12:50:12 今日早卡已打卡

2021-01-24 12:50:12 今日午卡已打卡

2021-01-24 12:50:12 今日晚卡已打卡

2021-01-24 12:50:12 张灿  19104916

2021-01-24 12:50:12 今日早卡已打卡

2021-01-24 12:50:12 今日午卡已打卡

2021-01-24 12:50:15 苟江山  19104978

2021-01-24 12:50:15 今日早卡已打卡

2021-01-24 12:50:15 今日午卡已打卡

2021-01-24 12:50:15 今日晚卡已打卡

2021-01-24 12:50:16 周玲  19106360

2021-01-24 12:50:16 今日早卡已打卡

2021-01-24 12:50:16 今日午卡已打卡

2021-01-24 12:50:16 今日晚卡已打卡

2021-01-24 12:50:16 遇溪涓  19105101

2021-01-24 12:50:16 今日早卡已打卡

2021-01-24 12:50:16 今日午卡已打卡

2021-01-24 12:50:16 今日晚卡已打卡

2021-01-24 12:50:16 陈峰  19104950

2021-01-24 12:50:16 今日早卡已打卡

2021-01-24 12:50:16 今日午卡已打卡

2021-01-24 12:50:16 今日晚卡已打卡

2021-01-24 12:50:16 王干  19107611

2021-01-24 12:50:16 今日早卡已打卡

2021-01-24 12:50:16 今日午卡已打卡

2021-01-24 12:50:16 今日晚卡已打卡

2021-01-24 12:50:16 张灿  19104916

2021-01-24 12:50:17 今日早卡已打卡

2021-01-24 12:50:17 今日午卡已打卡

2021-01-24 12:50:17 今日晚卡已打卡

2021-01-24 12:50:17 陈月皓  19104977

2021-01-24 12:50:17 打早卡成功

2021-01-24 12:50:17 打午卡成功

2021-01-24 12:50:17 打晚卡成功

2021-01-24 12:50:17 陈伟  19104958

2021-01-24 12:50:17 打早卡成功

2021-01-24 12:50:17 打午卡成功

2021-01-24 12:50:17 打晚卡成功

2021-01-24 12:50:17 周杨琪  19104965

2021-01-24 12:50:17 今日早卡已打卡

2021-01-24 12:50:18 今日午卡已打卡

2021-01-24 12:50:18 今日晚卡已打卡

2021-01-24 12:50:18 张志成  19101242

2021-01-24 12:50:18 打早卡成功

2021-01-24 12:50:18 打午卡成功

2021-01-24 12:50:18 打晚卡成功

2021-01-24 12:50:18 郭立扬  19104671

2021-01-24 12:50:18 打早卡成功

2021-01-24 12:50:18 打午卡成功

2021-01-24 12:50:18 打晚卡成功

2021-01-24 12:50:18 李宗杰  19208932

2021-01-24 12:50:18 打早卡成功

2021-01-24 12:50:18 打午卡成功

2021-01-24 12:50:18 打晚卡成功

2021-01-24 12:50:18 李明宸  201813015120

2021-01-24 12:50:18 打早卡成功

2021-01-24 12:50:19 打午卡成功

2021-01-24 12:50:19 打晚卡成功

2021-01-24 12:50:19 潘鹏程  19208581

2021-01-24 12:50:19 打早卡成功

2021-01-24 12:50:19 打午卡成功

2021-01-24 12:50:19 打晚卡成功

2021-01-24 12:50:19 杨新  201817025138

2021-01-24 12:50:19 打早卡成功

2021-01-24 12:50:19 打午卡成功

2021-01-24 12:50:19 打晚卡成功

2021-01-24 12:50:19 巫雨  19104824

2021-01-24 12:50:20 打早卡成功

2021-01-24 12:50:20 打午卡成功

2021-01-24 12:50:20 打晚卡成功

2021-01-24 12:50:20 白义枭  19104966

2021-01-24 12:50:20 打早卡成功

2021-01-24 12:50:20 打午卡成功

2021-01-24 12:50:20 打晚卡成功

2021-01-24 12:50:20 付焱青  19106543

2021-01-24 12:50:20 打早卡成功

2021-01-24 12:50:20 打午卡成功

2021-01-24 12:50:20 打晚卡成功

2021-01-24 12:50:20 蒲延慧  19106564

2021-01-24 12:50:20 打早卡成功

2021-01-24 12:50:20 打午卡成功

2021-01-24 12:50:20 打晚卡成功

2021-01-24 12:50:21 苏骏  202542020058

2021-01-24 12:50:21 打早卡成功

2021-01-24 12:50:21 打午卡成功

2021-01-24 12:50:21 打晚卡成功

2021-01-24 12:50:21 黎智超  201830055117

2021-01-24 12:50:21 打早卡成功

2021-01-24 12:50:21 打午卡成功

2021-01-24 12:50:21 打晚卡成功

2021-01-24 12:50:21 吴仲鑫  19104668

2021-01-24 12:50:23 打早卡成功

2021-01-24 12:50:23 打午卡成功

2021-01-24 12:50:23 打晚卡成功

2021-01-24 12:50:24 雷淋  19103023

2021-01-24 12:50:25 打早卡成功

2021-01-24 12:50:25 打午卡成功

2021-01-24 12:50:25 打晚卡成功

2021-01-24 12:50:25 杜婷  19103356

2021-01-24 12:50:26 今日早卡已打卡

2021-01-24 12:50:26 今日午卡已打卡

2021-01-24 12:50:27 今日晚卡已打卡

2021-01-24 12:50:33 苟江山  19104978

2021-01-24 12:50:33 今日早卡已打卡

2021-01-24 12:50:33 今日午卡已打卡

2021-01-24 12:50:33 今日晚卡已打卡

2021-01-24 12:50:33 周玲  19106360

2021-01-24 12:50:33 今日早卡已打卡

2021-01-24 12:50:33 今日午卡已打卡

2021-01-24 12:50:33 今日晚卡已打卡

2021-01-24 12:50:33 遇溪涓  19105101

2021-01-24 12:50:33 今日早卡已打卡

2021-01-24 12:50:33 今日午卡已打卡

2021-01-24 12:50:33 今日晚卡已打卡

2021-01-24 12:50:33 陈峰  19104950

2021-01-24 12:50:33 今日早卡已打卡

2021-01-24 12:50:33 今日午卡已打卡

2021-01-24 12:50:33 今日晚卡已打卡

2021-01-24 12:50:33 王干  19107611

2021-01-24 12:50:33 今日早卡已打卡

2021-01-24 12:50:33 今日午卡已打卡

2021-01-24 12:50:33 今日晚卡已打卡

2021-01-24 12:50:33 张灿  19104916

2021-01-24 12:50:34 今日早卡已打卡

2021-01-24 12:50:34 今日午卡已打卡

2021-01-24 12:50:34 今日晚卡已打卡

2021-01-24 12:50:34 陈月皓  19104977

2021-01-24 12:50:34 今日早卡已打卡

2021-01-24 12:50:34 今日午卡已打卡

2021-01-24 12:50:34 今日晚卡已打卡

2021-01-24 12:50:34 陈伟  19104958

2021-01-24 12:50:34 今日早卡已打卡

2021-01-24 12:50:34 今日午卡已打卡

2021-01-24 12:50:34 今日晚卡已打卡

2021-01-24 12:50:34 周杨琪  19104965

2021-01-24 12:50:34 今日早卡已打卡

2021-01-24 12:50:34 今日午卡已打卡

2021-01-24 12:50:34 今日晚卡已打卡

2021-01-24 12:50:34 张志成  19101242

2021-01-24 12:50:34 今日早卡已打卡

2021-01-24 12:50:34 今日午卡已打卡

2021-01-24 12:50:34 今日晚卡已打卡

2021-01-24 12:50:34 郭立扬  19104671

2021-01-24 12:50:34 今日早卡已打卡

2021-01-24 12:50:34 今日午卡已打卡

2021-01-24 12:50:34 今日晚卡已打卡

2021-01-24 12:50:34 李宗杰  19208932

2021-01-24 12:50:34 今日早卡已打卡

2021-01-24 12:50:35 今日午卡已打卡

2021-01-24 12:50:35 今日晚卡已打卡

2021-01-24 12:50:35 李明宸  201813015120

2021-01-24 12:50:35 今日早卡已打卡

2021-01-24 12:50:35 今日午卡已打卡

2021-01-24 12:50:35 今日晚卡已打卡

2021-01-24 12:50:35 潘鹏程  19208581

2021-01-24 12:50:35 今日早卡已打卡

2021-01-24 12:50:35 今日午卡已打卡

2021-01-24 12:50:35 今日晚卡已打卡

2021-01-24 12:50:35 杨新  201817025138

2021-01-24 12:50:35 今日早卡已打卡

2021-01-24 12:50:35 今日午卡已打卡

2021-01-24 12:50:35 今日晚卡已打卡

2021-01-24 12:50:35 巫雨  19104824

2021-01-24 12:50:36 今日早卡已打卡

2021-01-24 12:50:36 今日午卡已打卡

2021-01-24 12:50:36 今日晚卡已打卡

2021-01-24 12:50:36 白义枭  19104966

2021-01-24 12:50:36 今日早卡已打卡

2021-01-24 12:50:36 今日午卡已打卡

2021-01-24 12:50:36 今日晚卡已打卡

2021-01-24 12:50:36 付焱青  19106543

2021-01-24 12:50:36 今日早卡已打卡

2021-01-24 12:50:36 今日午卡已打卡

2021-01-24 12:50:36 今日晚卡已打卡

2021-01-24 12:50:36 蒲延慧  19106564

2021-01-24 12:50:36 今日早卡已打卡

2021-01-24 12:50:36 今日午卡已打卡

2021-01-24 12:50:36 今日晚卡已打卡

2021-01-24 12:50:36 苏骏  202542020058

2021-01-24 12:50:37 今日早卡已打卡

2021-01-24 12:50:37 今日午卡已打卡

2021-01-24 12:50:37 今日晚卡已打卡

2021-01-24 12:50:37 黎智超  201830055117

2021-01-24 12:50:37 今日早卡已打卡

2021-01-24 12:50:37 今日午卡已打卡

2021-01-24 12:50:37 今日晚卡已打卡

2021-01-24 12:50:37 吴仲鑫  19104668

2021-01-24 12:50:37 今日早卡已打卡

2021-01-24 12:50:37 今日午卡已打卡

2021-01-24 12:50:37 今日晚卡已打卡

2021-01-24 12:50:38 雷淋  19103023

2021-01-24 12:50:38 今日早卡已打卡

2021-01-24 12:50:38 今日午卡已打卡

2021-01-24 12:50:38 今日晚卡已打卡

2021-01-24 12:50:38 杜婷  19103356

2021-01-24 12:50:38 今日早卡已打卡

2021-01-24 12:50:38 今日午卡已打卡

2021-01-24 12:50:38 今日晚卡已打卡

2021-01-24 12:50:41 苟江山  19104978

2021-01-24 12:50:41 今日早卡已打卡

2021-01-24 12:50:41 今日午卡已打卡

2021-01-24 12:50:41 今日晚卡已打卡

2021-01-24 12:50:41 周玲  19106360

2021-01-24 12:50:41 今日早卡已打卡

2021-01-24 12:50:41 今日午卡已打卡

2021-01-24 12:50:41 今日晚卡已打卡

2021-01-24 12:50:41 遇溪涓  19105101

2021-01-24 12:50:41 今日早卡已打卡

2021-01-24 12:50:41 今日午卡已打卡

2021-01-24 12:50:41 今日晚卡已打卡

2021-01-24 12:50:41 陈峰  19104950

2021-01-24 12:50:41 今日早卡已打卡

2021-01-24 12:50:41 今日午卡已打卡

2021-01-24 12:50:41 今日晚卡已打卡

2021-01-24 12:50:41 王干  19107611

2021-01-24 12:50:41 今日早卡已打卡

2021-01-24 12:50:41 今日午卡已打卡

2021-01-24 12:50:41 今日晚卡已打卡

2021-01-24 12:50:41 张灿  19104916

2021-01-24 12:50:41 今日早卡已打卡

2021-01-24 12:50:41 今日午卡已打卡

2021-01-24 12:50:42 今日晚卡已打卡

2021-01-24 12:50:42 陈月皓  19104977

2021-01-24 12:50:42 今日早卡已打卡

2021-01-24 12:50:42 今日午卡已打卡

2021-01-24 12:50:42 今日晚卡已打卡

2021-01-24 12:50:42 陈伟  19104958

2021-01-24 12:50:42 今日早卡已打卡

2021-01-24 12:50:42 今日午卡已打卡

2021-01-24 12:50:42 今日晚卡已打卡

2021-01-24 12:50:42 周杨琪  19104965

2021-01-24 12:50:43 今日早卡已打卡

2021-01-24 12:50:43 今日午卡已打卡

2021-01-24 12:50:43 今日晚卡已打卡

2021-01-24 12:50:43 张志成  19101242

2021-01-24 12:50:43 今日早卡已打卡

2021-01-24 12:50:43 今日午卡已打卡

2021-01-24 12:50:43 今日晚卡已打卡

2021-01-24 12:50:43 郭立扬  19104671

2021-01-24 12:50:45 今日早卡已打卡

2021-01-24 12:50:45 今日午卡已打卡

2021-01-24 12:50:45 今日晚卡已打卡

2021-01-24 12:50:45 李宗杰  19208932

2021-01-24 12:50:45 今日早卡已打卡

2021-01-24 12:50:45 今日午卡已打卡

2021-01-24 12:50:45 今日晚卡已打卡

2021-01-24 12:50:45 李明宸  201813015120

2021-01-24 12:50:45 今日早卡已打卡

2021-01-24 12:50:45 今日午卡已打卡

2021-01-24 12:50:45 今日晚卡已打卡

2021-01-24 12:50:45 潘鹏程  19208581

2021-01-24 12:50:45 今日早卡已打卡

2021-01-24 12:50:45 今日午卡已打卡

2021-01-24 12:50:45 今日晚卡已打卡

2021-01-24 12:50:45 杨新  201817025138

2021-01-24 12:50:45 今日早卡已打卡

2021-01-24 12:50:45 今日午卡已打卡

2021-01-24 12:50:45 今日晚卡已打卡

2021-01-24 12:50:45 巫雨  19104824

2021-01-24 12:50:45 今日早卡已打卡

2021-01-24 12:50:46 今日午卡已打卡

2021-01-24 12:50:46 今日晚卡已打卡

2021-01-24 12:50:46 白义枭  19104966

2021-01-24 12:50:46 今日早卡已打卡

2021-01-24 12:50:46 今日午卡已打卡

2021-01-24 12:50:46 今日晚卡已打卡

2021-01-24 12:50:46 付焱青  19106543

2021-01-24 12:50:46 今日早卡已打卡

2021-01-24 12:50:46 今日午卡已打卡

2021-01-24 12:50:46 今日晚卡已打卡

2021-01-24 12:50:46 蒲延慧  19106564

2021-01-24 12:50:46 今日早卡已打卡

2021-01-24 12:50:46 今日午卡已打卡

2021-01-24 12:50:46 今日晚卡已打卡

2021-01-24 12:50:46 苏骏  202542020058

2021-01-24 12:50:46 今日早卡已打卡

2021-01-24 12:50:46 今日午卡已打卡

2021-01-24 12:50:46 今日晚卡已打卡

2021-01-24 12:50:46 黎智超  201830055117

2021-01-24 12:50:46 今日早卡已打卡

2021-01-24 12:50:46 今日午卡已打卡

2021-01-24 12:50:46 今日晚卡已打卡

2021-01-24 12:50:46 吴仲鑫  19104668

2021-01-24 12:50:47 今日早卡已打卡

2021-01-24 12:50:47 今日午卡已打卡

2021-01-24 12:50:47 今日晚卡已打卡

2021-01-24 12:50:47 雷淋  19103023

2021-01-24 12:50:47 今日早卡已打卡

2021-01-24 12:50:47 今日午卡已打卡

2021-01-24 12:50:47 今日晚卡已打卡

2021-01-24 12:50:47 杜婷  19103356

2021-01-24 12:50:47 今日早卡已打卡

2021-01-24 12:50:47 今日午卡已打卡

2021-01-24 12:50:47 今日晚卡已打卡

