2021-01-01 10:08:54 2021-01-01 10:08:54

2021-01-01 10:09:14 2021-01-01 10:09:14

2021-01-01 10:09:35 2021-01-01 10:09:35

2021-01-01 10:09:51 2021-01-01 10:09:51

2021-01-01 10:12:22 2021-01-01 10:12:22

2021-01-01 11:06:57 2021-01-01 11:06:57

2021-01-01 13:14:01 2021-01-01 13:14:01

2021-01-01 13:14:01 陈伟  19104958

2021-01-01 13:14:01 郭立扬  19104671

2021-01-01 13:14:01 杨新  201817025138

2021-01-01 13:14:01 蒲延慧  19106564

2021-01-01 13:14:01 陈峰  19104950

2021-01-01 13:14:01 遇溪涓  19105101

2021-01-01 13:14:01 王干  19107611

2021-01-01 13:14:01 李宗杰  19208932

2021-01-01 13:14:01 白义枭  19104966

2021-01-01 13:14:01 周玲  19106360

2021-01-01 13:14:01 付焱青  19106543

2021-01-01 13:14:01 今日早卡已打卡

2021-01-01 13:14:01 今日早卡已打卡

2021-01-01 13:14:01 打早卡成功

2021-01-01 13:14:01 今日午卡已打卡

2021-01-01 13:14:01 今日午卡已打卡

2021-01-01 13:14:01 李明宸  201813015120

2021-01-01 13:14:01 打早卡成功

2021-01-01 13:14:01 打早卡成功

2021-01-01 13:14:01 打早卡成功

2021-01-01 13:14:01 打早卡成功

2021-01-01 13:14:01 张灿  19104916

2021-01-01 13:14:01 打早卡成功

2021-01-01 13:14:01 巫雨  19104824

2021-01-01 13:14:01 今日晚卡已打卡

2021-01-01 13:14:01 今日晚卡已打卡

2021-01-01 13:14:01 陈月皓  19104977

2021-01-01 13:14:01 苟江山  19104978

2021-01-01 13:14:01 周杨琪  19104965

2021-01-01 13:14:01 黎智超  201830055117

2021-01-01 13:14:01 潘鹏程  19208581

2021-01-01 13:14:01 张志成  19101242

2021-01-01 13:14:01 苏骏  202542020058

2021-01-01 13:14:01 打早卡成功

2021-01-01 13:14:01 打早卡成功

2021-01-01 13:14:01 打早卡成功

2021-01-01 13:14:01 打早卡成功

2021-01-01 13:14:01 打午卡成功

2021-01-01 13:14:01 打早卡成功

2021-01-01 13:14:01 打午卡成功

2021-01-01 13:14:01 打早卡成功

2021-01-01 13:14:01 打午卡成功

2021-01-01 13:14:01 打早卡成功

2021-01-01 13:14:01 打午卡成功

2021-01-01 13:14:01 打早卡成功

2021-01-01 13:14:01 打午卡成功

2021-01-01 13:14:01 打午卡成功

2021-01-01 13:14:01 打早卡成功

2021-01-01 13:14:01 打早卡成功

2021-01-01 13:14:01 打早卡成功

2021-01-01 13:14:01 打早卡成功

2021-01-01 13:14:01 打早卡成功

2021-01-01 13:14:01 打午卡成功

2021-01-01 13:14:01 打午卡成功

2021-01-01 13:14:01 打午卡成功

2021-01-01 13:14:01 打午卡成功

2021-01-01 13:14:01 打晚卡成功

2021-01-01 13:14:01 打午卡成功

2021-01-01 13:14:01 打晚卡成功

2021-01-01 13:14:01 打晚卡成功

2021-01-01 13:14:01 打午卡成功

2021-01-01 13:14:01 打晚卡成功

2021-01-01 13:14:01 打晚卡成功

2021-01-01 13:14:01 打午卡成功

2021-01-01 13:14:01 打晚卡成功

2021-01-01 13:14:01 打午卡成功

2021-01-01 13:14:01 打午卡成功

2021-01-01 13:14:01 打午卡成功

2021-01-01 13:14:01 打午卡成功

2021-01-01 13:14:01 打午卡成功

2021-01-01 13:14:01 打午卡成功

2021-01-01 13:14:01 打晚卡成功

2021-01-01 13:14:01 打晚卡成功

2021-01-01 13:14:01 打晚卡成功

2021-01-01 13:14:01 打晚卡成功

2021-01-01 13:14:01 打晚卡成功

2021-01-01 13:14:01 打晚卡成功

2021-01-01 13:14:01 打晚卡成功

2021-01-01 13:14:01 打晚卡成功

2021-01-01 13:14:01 打晚卡成功

2021-01-01 13:14:01 打晚卡成功

2021-01-01 13:14:01 打晚卡成功

2021-01-01 13:14:01 打晚卡成功

2021-01-01 13:14:01 打晚卡成功

